  Apple.cpp
  Debug.cpp
  Main.cpp
  Powerup.cpp
  Snake.cpp
C:\Users\McDonald\source\repos\Snake\Snake\Snake.cpp(61,17): warning C4244: '=': conversion from 'const int' to 'T', possible loss of data
          with
          [
              T=float
          ]
C:\Users\McDonald\source\repos\Snake\Snake\Snake.cpp(67,17): warning C4244: '=': conversion from 'const int' to 'T', possible loss of data
          with
          [
              T=float
          ]
C:\Users\McDonald\source\repos\Snake\Snake\Snake.cpp(74,17): warning C4244: '=': conversion from 'const int' to 'T', possible loss of data
          with
          [
              T=float
          ]
C:\Users\McDonald\source\repos\Snake\Snake\Snake.cpp(80,17): warning C4244: '=': conversion from 'const int' to 'T', possible loss of data
          with
          [
              T=float
          ]
  Generating Code...
  Snake.vcxproj -> C:\Users\McDonald\source\repos\Snake\x64\Debug\Snake.exe
